<?xml version="1.0" encoding="UTF-8"?>
<!-- Generated by org.testng.reporters.JUnitXMLReporter -->
<testsuite hostname="LTCH-5CD911212P" ignored="0" name="Default test" tests="1" failures="1" timestamp="2023-05-01T17:53:48 IST" time="14.396" errors="0">
  <testcase name="runScenario" time="12.292" classname="io.cucumber.testng.AbstractTestNGCucumberTests">
    <failure type="java.lang.NullPointerException">
      <![CDATA[java.lang.NullPointerException
at pageObjects.TestPage.typeText(TestPage.java:36)
at stepDefinitions.TestPageStepDefinition.i_enter_the_text_to_search(TestPageStepDefinition.java:30)
at ✽.I enter the text to search(file:///C:/Users/43488/OneDrive%20-%20Hexaware%20Technologies%20Limited/Documents/J/CucumberFramework/src/test/java/features/Test.feature:7)
]]>
    </failure>
  </testcase> <!-- runScenario -->
</testsuite> <!-- Default test -->
