<?xml version="1.0" encoding="UTF-8"?>
<!-- Generated by org.testng.reporters.JUnitReportReporter -->
<testsuite skipped="0" hostname="LTCH-5CD911212P" name="cucumberOptions.TestNGTestRunner" tests="1" failures="0" timestamp="2023-05-01T17:53:49 IST" time="12.292" errors="1">
  <testcase name="runScenario" time="12.292" classname="cucumberOptions.TestNGTestRunner">
    <error type="java.lang.NullPointerException">
      <![CDATA[java.lang.NullPointerException
at pageObjects.TestPage.typeText(TestPage.java:36)
at stepDefinitions.TestPageStepDefinition.i_enter_the_text_to_search(TestPageStepDefinition.java:30)
at ✽.I enter the text to search(file:///C:/Users/43488/OneDrive%20-%20Hexaware%20Technologies%20Limited/Documents/J/CucumberFramework/src/test/java/features/Test.feature:7)
]]>
    </error>
  </testcase> <!-- runScenario -->
  <system-out/>
</testsuite> <!-- cucumberOptions.TestNGTestRunner -->
